<?xml version="1.0" encoding="UTF-8"?>
<!-- Generated by org.testng.reporters.JUnitReportReporter -->
<testsuite hostname="MacBook-Pro-de-Talos.local" name="globalTest.suite" tests="1" failures="0" timestamp="1 Dec 2016 19:07:34 GMT" time="39.972" errors="0">
  <testcase name="contactUs" time="39.972" classname="globalTest.suite"/>
</testsuite> <!-- globalTest.suite -->
